  Main.cpp
D:\OneDrive - VNU-HCMUS\Documents\GitHub\SVG_Reader\SVG_Reader\Main.cpp(19,17): warning C4305: '*=': truncation from 'double' to 'float'
D:\OneDrive - VNU-HCMUS\Documents\GitHub\SVG_Reader\SVG_Reader\Main.cpp(21,17): warning C4305: '*=': truncation from 'double' to 'float'
D:\OneDrive - VNU-HCMUS\Documents\GitHub\SVG_Reader\SVG_Reader\Main.cpp(46,92): warning C4244: 'argument': conversion from 'T' to 'T', possible loss of data
          with
          [
              T=unsigned int
          ]
          and
          [
              T=float
          ]
D:\OneDrive - VNU-HCMUS\Documents\GitHub\SVG_Reader\SVG_Reader\Main.cpp(46,72): warning C4244: 'argument': conversion from 'T' to 'T', possible loss of data
          with
          [
              T=unsigned int
          ]
          and
          [
              T=float
          ]
  Generating code
  2 of 770 functions ( 0.3%) were compiled, the rest were copied from previous compilation.
    0 functions were new in current compilation
    1 functions had inline decision re-evaluated but remain unchanged
  Finished generating code
  SVG_Reader.vcxproj -> D:\OneDrive - VNU-HCMUS\Documents\GitHub\SVG_Reader\SVG_Reader\x64\Release\SVG_Reader.exe
