  Main.cpp
D:\OneDrive - VNU-HCMUS\Documents\GitHub\SVG_Reader\SVG_Reader\Main.cpp(19,17): warning C4305: '*=': truncation from 'double' to 'float'
D:\OneDrive - VNU-HCMUS\Documents\GitHub\SVG_Reader\SVG_Reader\Main.cpp(21,17): warning C4305: '*=': truncation from 'double' to 'float'
D:\OneDrive - VNU-HCMUS\Documents\GitHub\SVG_Reader\SVG_Reader\Main.cpp(46,92): warning C4244: 'argument': conversion from 'T' to 'T', possible loss of data
          with
          [
              T=unsigned int
          ]
          and
          [
              T=float
          ]
D:\OneDrive - VNU-HCMUS\Documents\GitHub\SVG_Reader\SVG_Reader\Main.cpp(46,72): warning C4244: 'argument': conversion from 'T' to 'T', possible loss of data
          with
          [
              T=unsigned int
          ]
          and
          [
              T=float
          ]
  Circle.cpp
  Color.cpp
D:\OneDrive - VNU-HCMUS\Documents\GitHub\SVG_Reader\SVG_Reader\src\Color.cpp(39,11): warning C4244: '=': conversion from 'int' to 'float', possible loss of data
D:\OneDrive - VNU-HCMUS\Documents\GitHub\SVG_Reader\SVG_Reader\src\Color.cpp(40,11): warning C4244: '=': conversion from 'int' to 'float', possible loss of data
D:\OneDrive - VNU-HCMUS\Documents\GitHub\SVG_Reader\SVG_Reader\src\Color.cpp(41,11): warning C4244: '=': conversion from 'int' to 'float', possible loss of data
D:\OneDrive - VNU-HCMUS\Documents\GitHub\SVG_Reader\SVG_Reader\src\Color.cpp(67,31): warning C4244: 'argument': conversion from 'float' to 'sf::Uint8', possible loss of data
D:\OneDrive - VNU-HCMUS\Documents\GitHub\SVG_Reader\SVG_Reader\src\Color.cpp(67,28): warning C4244: 'argument': conversion from 'float' to 'sf::Uint8', possible loss of data
D:\OneDrive - VNU-HCMUS\Documents\GitHub\SVG_Reader\SVG_Reader\src\Color.cpp(67,25): warning C4244: 'argument': conversion from 'float' to 'sf::Uint8', possible loss of data
D:\OneDrive - VNU-HCMUS\Documents\GitHub\SVG_Reader\SVG_Reader\src\Color.cpp(67,22): warning C4244: 'argument': conversion from 'float' to 'sf::Uint8', possible loss of data
D:\OneDrive - VNU-HCMUS\Documents\GitHub\SVG_Reader\SVG_Reader\src\Color.cpp(250,74): warning C4305: 'argument': truncation from 'double' to 'const float'
D:\OneDrive - VNU-HCMUS\Documents\GitHub\SVG_Reader\SVG_Reader\src\Color.cpp(250,54): warning C4305: 'argument': truncation from 'double' to 'const float'
D:\OneDrive - VNU-HCMUS\Documents\GitHub\SVG_Reader\SVG_Reader\src\Color.cpp(250,36): warning C4305: 'argument': truncation from 'double' to 'const float'
D:\OneDrive - VNU-HCMUS\Documents\GitHub\SVG_Reader\SVG_Reader\src\Color.cpp(251,69): warning C4305: 'argument': truncation from 'double' to 'const float'
D:\OneDrive - VNU-HCMUS\Documents\GitHub\SVG_Reader\SVG_Reader\src\Color.cpp(251,50): warning C4305: 'argument': truncation from 'double' to 'const float'
D:\OneDrive - VNU-HCMUS\Documents\GitHub\SVG_Reader\SVG_Reader\src\Color.cpp(251,31): warning C4305: 'argument': truncation from 'double' to 'const float'
D:\OneDrive - VNU-HCMUS\Documents\GitHub\SVG_Reader\SVG_Reader\src\Color.cpp(252,69): warning C4305: 'argument': truncation from 'double' to 'const float'
D:\OneDrive - VNU-HCMUS\Documents\GitHub\SVG_Reader\SVG_Reader\src\Color.cpp(252,50): warning C4305: 'argument': truncation from 'double' to 'const float'
D:\OneDrive - VNU-HCMUS\Documents\GitHub\SVG_Reader\SVG_Reader\src\Color.cpp(252,31): warning C4305: 'argument': truncation from 'double' to 'const float'
D:\OneDrive - VNU-HCMUS\Documents\GitHub\SVG_Reader\SVG_Reader\src\Color.cpp(253,44): warning C4305: 'argument': truncation from 'double' to 'const float'
D:\OneDrive - VNU-HCMUS\Documents\GitHub\SVG_Reader\SVG_Reader\src\Color.cpp(254,70): warning C4305: 'argument': truncation from 'double' to 'const float'
D:\OneDrive - VNU-HCMUS\Documents\GitHub\SVG_Reader\SVG_Reader\src\Color.cpp(254,51): warning C4305: 'argument': truncation from 'double' to 'const float'
D:\OneDrive - VNU-HCMUS\Documents\GitHub\SVG_Reader\SVG_Reader\src\Color.cpp(254,32): warning C4305: 'argument': truncation from 'double' to 'const float'
D:\OneDrive - VNU-HCMUS\Documents\GitHub\SVG_Reader\SVG_Reader\src\Color.cpp(255,65): warning C4305: 'argument': truncation from 'double' to 'const float'
D:\OneDrive - VNU-HCMUS\Documents\GitHub\SVG_Reader\SVG_Reader\src\Color.cpp(255,34): warning C4305: 'argument': truncation from 'double' to 'const float'
D:\OneDrive - VNU-HCMUS\Documents\GitHub\SVG_Reader\SVG_Reader\src\Color.cpp(256,75): warning C4305: 'argument': truncation from 'double' to 'const float'
D:\OneDrive - VNU-HCMUS\Documents\GitHub\SVG_Reader\SVG_Reader\src\Color.cpp(256,56): warning C4305: 'argument': truncation from 'double' to 'const float'
D:\OneDrive - VNU-HCMUS\Documents\GitHub\SVG_Reader\SVG_Reader\src\Color.cpp(256,37): warning C4305: 'argument': truncation from 'double' to 'const float'
D:\OneDrive - VNU-HCMUS\Documents\GitHub\SVG_Reader\SVG_Reader\src\Color.cpp(257,44): warning C4305: 'argument': truncation from 'double' to 'const float'
D:\OneDrive - VNU-HCMUS\Documents\GitHub\SVG_Reader\SVG_Reader\src\Color.cpp(258,47): warning C4305: 'argument': truncation from 'double' to 'const float'
D:\OneDrive - VNU-HCMUS\Documents\GitHub\SVG_Reader\SVG_Reader\src\Color.cpp(259,30): warning C4305: 'argument': truncation from 'double' to 'const float'
D:\OneDrive - VNU-HCMUS\Documents\GitHub\SVG_Reader\SVG_Reader\src\Color.cpp(260,71): warning C4305: 'argument': truncation from 'double' to 'const float'
D:\OneDrive - VNU-HCMUS\Documents\GitHub\SVG_Reader\SVG_Reader\src\Color.cpp(260,52): warning C4305: 'argument': truncation from 'double' to 'const float'
D:\OneDrive - VNU-HCMUS\Documents\GitHub\SVG_Reader\SVG_Reader\src\Color.cpp(260,33): warning C4305: 'argument': truncation from 'double' to 'const float'
D:\OneDrive - VNU-HCMUS\Documents\GitHub\SVG_Reader\SVG_Reader\src\Color.cpp(261,73): warning C4305: 'argument': truncation from 'double' to 'const float'
D:\OneDrive - VNU-HCMUS\Documents\GitHub\SVG_Reader\SVG_Reader\src\Color.cpp(261,54): warning C4305: 'argument': truncation from 'double' to 'const float'
D:\OneDrive - VNU-HCMUS\Documents\GitHub\SVG_Reader\SVG_Reader\src\Color.cpp(261,35): warning C4305: 'argument': truncation from 'double' to 'const float'
D:\OneDrive - VNU-HCMUS\Documents\GitHub\SVG_Reader\SVG_Reader\src\Color.cpp(262,74): warning C4305: 'argument': truncation from 'double' to 'const float'
D:\OneDrive - VNU-HCMUS\Documents\GitHub\SVG_Reader\SVG_Reader\src\Color.cpp(262,55): warning C4305: 'argument': truncation from 'double' to 'const float'
D:\OneDrive - VNU-HCMUS\Documents\GitHub\SVG_Reader\SVG_Reader\src\Color.cpp(262,36): warning C4305: 'argument': truncation from 'double' to 'const float'
D:\OneDrive - VNU-HCMUS\Documents\GitHub\SVG_Reader\SVG_Reader\src\Color.cpp(263,74): warning C4305: 'argument': truncation from 'double' to 'const float'
D:\OneDrive - VNU-HCMUS\Documents\GitHub\SVG_Reader\SVG_Reader\src\Color.cpp(263,55): warning C4305: 'argument': truncation from 'double' to 'const float'
D:\OneDrive - VNU-HCMUS\Documents\GitHub\SVG_Reader\SVG_Reader\src\Color.cpp(263,36): warning C4305: 'argument': truncation from 'double' to 'const float'
D:\OneDrive - VNU-HCMUS\Documents\GitHub\SVG_Reader\SVG_Reader\src\Color.cpp(264,74): warning C4305: 'argument': truncation from 'double' to 'const float'
D:\OneDrive - VNU-HCMUS\Documents\GitHub\SVG_Reader\SVG_Reader\src\Color.cpp(264,55): warning C4305: 'argument': truncation from 'double' to 'const float'
D:\OneDrive - VNU-HCMUS\Documents\GitHub\SVG_Reader\SVG_Reader\src\Color.cpp(264,36): warning C4305: 'argument': truncation from 'double' to 'const float'
D:\OneDrive - VNU-HCMUS\Documents\GitHub\SVG_Reader\SVG_Reader\src\Color.cpp(265,67): warning C4305: 'argument': truncation from 'double' to 'const float'
D:\OneDrive - VNU-HCMUS\Documents\GitHub\SVG_Reader\SVG_Reader\src\Color.cpp(265,48): warning C4305: 'argument': truncation from 'double' to 'const float'
D:\OneDrive - VNU-HCMUS\Documents\GitHub\SVG_Reader\SVG_Reader\src\Color.cpp(266,64): warning C4305: 'argument': truncation from 'double' to 'const float'
D:\OneDrive - VNU-HCMUS\Documents\GitHub\SVG_Reader\SVG_Reader\src\Color.cpp(266,33): warning C4305: 'argument': truncation from 'double' to 'const float'
D:\OneDrive - VNU-HCMUS\Documents\GitHub\SVG_Reader\SVG_Reader\src\Color.cpp(267,63): warning C4305: 'argument': truncation from 'double' to 'const float'
D:\OneDrive - VNU-HCMUS\Documents\GitHub\SVG_Reader\SVG_Reader\src\Color.cpp(267,44): warning C4305: 'argument': truncation from 'double' to 'const float'
D:\OneDrive - VNU-HCMUS\Documents\GitHub\SVG_Reader\SVG_Reader\src\Color.cpp(268,45): warning C4305: 'argument': truncation from 'double' to 'const float'
D:\OneDrive - VNU-HCMUS\Documents\GitHub\SVG_Reader\SVG_Reader\src\Color.cpp(269,68): warning C4305: 'argument': truncation from 'double' to 'const float'
D:\OneDrive - VNU-HCMUS\Documents\GitHub\SVG_Reader\SVG_Reader\src\Color.cpp(269,49): warning C4305: 'argument': truncation from 'double' to 'const float'
D:\OneDrive - VNU-HCMUS\Documents\GitHub\SVG_Reader\SVG_Reader\src\Color.cpp(269,30): warning C4305: 'argument': truncation from 'double' to 'const float'
D:\OneDrive - VNU-HCMUS\Documents\GitHub\SVG_Reader\SVG_Reader\src\Color.cpp(270,68): warning C4305: 'argument': truncation from 'double' to 'const float'
D:\OneDrive - VNU-HCMUS\Documents\GitHub\SVG_Reader\SVG_Reader\src\Color.cpp(270,49): warning C4305: 'argument': truncation from 'double' to 'const float'
D:\OneDrive - VNU-HCMUS\Documents\GitHub\SVG_Reader\SVG_Reader\src\Color.cpp(270,30): warning C4305: 'argument': truncation from 'double' to 'const float'
D:\OneDrive - VNU-HCMUS\Documents\GitHub\SVG_Reader\SVG_Reader\src\Color.cpp(271,52): warning C4305: 'argument': truncation from 'double' to 'const float'
D:\OneDrive - VNU-HCMUS\Documents\GitHub\SVG_Reader\SVG_Reader\src\Color.cpp(271,33): warning C4305: 'argument': truncation from 'double' to 'const float'
D:\OneDrive - VNU-HCMUS\Documents\GitHub\SVG_Reader\SVG_Reader\src\Color.cpp(272,70): warning C4305: 'argument': truncation from 'double' to 'const float'
D:\OneDrive - VNU-HCMUS\Documents\GitHub\SVG_Reader\SVG_Reader\src\Color.cpp(272,51): warning C4305: 'argument': truncation from 'double' to 'const float'
D:\OneDrive - VNU-HCMUS\Documents\GitHub\SVG_Reader\SVG_Reader\src\Color.cpp(272,32): warning C4305: 'argument': truncation from 'double' to 'const float'
D:\OneDrive - VNU-HCMUS\Documents\GitHub\SVG_Reader\SVG_Reader\src\Color.cpp(273,65): warning C4305: 'argument': truncation from 'double' to 'const float'
D:\OneDrive - VNU-HCMUS\Documents\GitHub\SVG_Reader\SVG_Reader\src\Color.cpp(273,46): warning C4305: 'argument': truncation from 'double' to 'const float'
D:\OneDrive - VNU-HCMUS\Documents\GitHub\SVG_Reader\SVG_Reader\src\Color.cpp(274,72): warning C4305: 'argument': truncation from 'double' to 'const float'
D:\OneDrive - VNU-HCMUS\Documents\GitHub\SVG_Reader\SVG_Reader\src\Color.cpp(274,53): warning C4305: 'argument': truncation from 'double' to 'const float'
D:\OneDrive - VNU-HCMUS\Documents\GitHub\SVG_Reader\SVG_Reader\src\Color.cpp(274,34): warning C4305: 'argument': truncation from 'double' to 'const float'
D:\OneDrive - VNU-HCMUS\Documents\GitHub\SVG_Reader\SVG_Reader\src\Color.cpp(276,70): warning C4305: 'argument': truncation from 'double' to 'const float'
D:\OneDrive - VNU-HCMUS\Documents\GitHub\SVG_Reader\SVG_Reader\src\Color.cpp(276,51): warning C4305: 'argument': truncation from 'double' to 'const float'
D:\OneDrive - VNU-HCMUS\Documents\GitHub\SVG_Reader\SVG_Reader\src\Color.cpp(276,32): warning C4305: 'argument': truncation from 'double' to 'const float'
D:\OneDrive - VNU-HCMUS\Documents\GitHub\SVG_Reader\SVG_Reader\src\Color.cpp(277,52): warning C4305: 'argument': truncation from 'double' to 'const float'
D:\OneDrive - VNU-HCMUS\Documents\GitHub\SVG_Reader\SVG_Reader\src\Color.cpp(277,33): warning C4305: 'argument': truncation from 'double' to 'const float'
D:\OneDrive - VNU-HCMUS\Documents\GitHub\SVG_Reader\SVG_Reader\src\Color.cpp(278,39): warning C4305: 'argument': truncation from 'double' to 'const float'
D:\OneDrive - VNU-HCMUS\Documents\GitHub\SVG_Reader\SVG_Reader\src\Color.cpp(279,69): warning C4305: 'argument': truncation from 'double' to 'const float'
D:\OneDrive - VNU-HCMUS\Documents\GitHub\SVG_Reader\SVG_Reader\src\Color.cpp(279,51): warning C4305: 'argument': truncation from 'double' to 'const float'
D:\OneDrive - VNU-HCMUS\Documents\GitHub\SVG_Reader\SVG_Reader\src\Color.cpp(279,32): warning C4305: 'argument': truncation from 'double' to 'const float'
D:\OneDrive - VNU-HCMUS\Documents\GitHub\SVG_Reader\SVG_Reader\src\Color.cpp(280,65): warning C4305: 'argument': truncation from 'double' to 'const float'
D:\OneDrive - VNU-HCMUS\Documents\GitHub\SVG_Reader\SVG_Reader\src\Color.cpp(280,46): warning C4305: 'argument': truncation from 'double' to 'const float'
D:\OneDrive - VNU-HCMUS\Documents\GitHub\SVG_Reader\SVG_Reader\src\Color.cpp(280,27): warning C4305: 'argument': truncation from 'double' to 'const float'
D:\OneDrive - VNU-HCMUS\Documents\GitHub\SVG_Reader\SVG_Reader\src\Color.cpp(281,65): warning C4305: 'argument': truncation from 'double' to 'const float'
D:\OneDrive - VNU-HCMUS\Documents\GitHub\SVG_Reader\SVG_Reader\src\Color.cpp(281,34): warning C4305: 'argument': truncation from 'double' to 'const float'
D:\OneDrive - VNU-HCMUS\Documents\GitHub\SVG_Reader\SVG_Reader\src\Color.cpp(282,62): warning C4305: 'argument': truncation from 'double' to 'const float'
D:\OneDrive - VNU-HCMUS\Documents\GitHub\SVG_Reader\SVG_Reader\src\Color.cpp(282,31): warning C4305: 'argument': truncation from 'double' to 'const float'
D:\OneDrive - VNU-HCMUS\Documents\GitHub\SVG_Reader\SVG_Reader\src\Color.cpp(283,61): warning C4305: 'argument': truncation from 'double' to 'const float'
D:\OneDrive - VNU-HCMUS\Documents\GitHub\SVG_Reader\SVG_Reader\src\Color.cpp(283,42): warning C4305: 'argument': truncation from 'double' to 'const float'
D:\OneDrive - VNU-HCMUS\Documents\GitHub\SVG_Reader\SVG_Reader\src\Color.cpp(284,70): warning C4305: 'argument': truncation from 'double' to 'const float'
D:\OneDrive - VNU-HCMUS\Documents\GitHub\SVG_Reader\SVG_Reader\src\Color.cpp(284,51): warning C4305: 'argument': truncation from 'double' to 'const float'
D:\OneDrive - VNU-HCMUS\Documents\GitHub\SVG_Reader\SVG_Reader\src\Color.cpp(284,32): warning C4305: 'argument': truncation from 'double' to 'const float'
D:\OneDrive - VNU-HCMUS\Documents\GitHub\SVG_Reader\SVG_Reader\src\Color.cpp(285,60): warning C4305: 'argument': truncation from 'double' to 'const float'
D:\OneDrive - VNU-HCMUS\Documents\GitHub\SVG_Reader\SVG_Reader\src\Color.cpp(285,29): warning C4305: 'argument': truncation from 'double' to 'const float'
D:\OneDrive - VNU-HCMUS\Documents\GitHub\SVG_Reader\SVG_Reader\src\Color.cpp(286,52): warning C4305: 'argument': truncation from 'double' to 'const float'
D:\OneDrive - VNU-HCMUS\Documents\GitHub\SVG_Reader\SVG_Reader\src\Color.cpp(287,65): warning C4305: 'argument': truncation from 'double' to 'const float'
D:\OneDrive - VNU-HCMUS\Documents\GitHub\SVG_Reader\SVG_Reader\src\Color.cpp(287,47): warning C4305: 'argument': truncation from 'double' to 'const float'
D:\OneDrive - VNU-HCMUS\Documents\GitHub\SVG_Reader\SVG_Reader\src\Color.cpp(287,28): warning C4305: 'argument': truncation from 'double' to 'const float'
  Ellipse.cpp
D:\OneDrive - VNU-HCMUS\Documents\GitHub\SVG_Reader\SVG_Reader\src\Ellipse.cpp(39,29): warning C4244: 'argument': conversion from 'float' to 'size_t', possible loss of data
D:\OneDrive - VNU-HCMUS\Documents\GitHub\SVG_Reader\SVG_Reader\src\Ellipse.cpp(46,13): warning C4244: 'initializing': conversion from 'double' to 'float', possible loss of data
  Line.cpp
D:\OneDrive - VNU-HCMUS\Documents\GitHub\SVG_Reader\SVG_Reader\src\Line.cpp(39,15): warning C4244: 'initializing': conversion from 'double' to 'float', possible loss of data
D:\OneDrive - VNU-HCMUS\Documents\GitHub\SVG_Reader\SVG_Reader\src\Line.cpp(43,22): warning C4244: '=': conversion from 'double' to 'float', possible loss of data
  Path.cpp
D:\OneDrive - VNU-HCMUS\Documents\GitHub\SVG_Reader\SVG_Reader\src\Path.cpp(53,11): warning C4101: 'y': unreferenced local variable
D:\OneDrive - VNU-HCMUS\Documents\GitHub\SVG_Reader\SVG_Reader\src\Path.cpp(53,8): warning C4101: 'x': unreferenced local variable
  Point.cpp
  Polygon.cpp
  Polyline.cpp
D:\OneDrive - VNU-HCMUS\Documents\GitHub\SVG_Reader\SVG_Reader\src\Polyline.cpp(32,22): warning C4244: '=': conversion from 'double' to 'float', possible loss of data
D:\OneDrive - VNU-HCMUS\Documents\GitHub\SVG_Reader\SVG_Reader\src\Polyline.cpp(39,15): warning C4244: 'initializing': conversion from 'double' to 'float', possible loss of data
D:\OneDrive - VNU-HCMUS\Documents\GitHub\SVG_Reader\SVG_Reader\src\Polyline.cpp(43,22): warning C4244: '=': conversion from 'double' to 'float', possible loss of data
D:\OneDrive - VNU-HCMUS\Documents\GitHub\SVG_Reader\SVG_Reader\src\Polyline.cpp(59,17): warning C4244: 'initializing': conversion from 'double' to 'float', possible loss of data
D:\OneDrive - VNU-HCMUS\Documents\GitHub\SVG_Reader\SVG_Reader\src\Polyline.cpp(60,17): warning C4244: 'initializing': conversion from 'double' to 'float', possible loss of data
D:\OneDrive - VNU-HCMUS\Documents\GitHub\SVG_Reader\SVG_Reader\src\Polyline.cpp(62,15): warning C4244: 'initializing': conversion from 'double' to 'float', possible loss of data
D:\OneDrive - VNU-HCMUS\Documents\GitHub\SVG_Reader\SVG_Reader\src\Polyline.cpp(63,15): warning C4244: 'initializing': conversion from 'double' to 'float', possible loss of data
  SVGImage.cpp
  Rectangle.cpp
  Figure.cpp
  Text.cpp
D:\OneDrive - VNU-HCMUS\Documents\GitHub\SVG_Reader\SVG_Reader\src\Text.cpp(66,24): warning C4244: 'argument': conversion from 'int' to 'float', possible loss of data
D:\OneDrive - VNU-HCMUS\Documents\GitHub\SVG_Reader\SVG_Reader\src\Text.cpp(66,19): warning C4244: 'argument': conversion from 'int' to 'float', possible loss of data
  Generating Code...
D:\OneDrive - VNU-HCMUS\Documents\GitHub\SVG_Reader\SVG_Reader\src\Color.cpp(218): warning C4172: returning address of local variable or temporary
C:\Program Files\Microsoft Visual Studio\2022\Community\MSBuild\Microsoft\VC\v170\Microsoft.CppBuild.targets(1388,5): warning MSB8012: TargetPath(D:\OneDrive - VNU-HCMUS\Documents\GitHub\SVG_Reader\SVG_Reader\x64\Debug\SVG_Reader.exe) does not match the Linker's OutputFile property value (). This may cause your project to build incorrectly. To correct this, please make sure that $(OutDir), $(TargetName) and $(TargetExt) property values match the value specified in %(Link.OutputFile).
  LINK : Main.exe not found or not built by the last incremental link; performing full link
  SVG_Reader.vcxproj -> D:\OneDrive - VNU-HCMUS\Documents\GitHub\SVG_Reader\SVG_Reader\x64\Debug\SVG_Reader.exe
